mode: set
github.com/RyanRedburn/flight-tracker/internal/api/server.go:22.98,34.40 9 0
github.com/RyanRedburn/flight-tracker/internal/api/server.go:34.40,38.3 3 0
github.com/RyanRedburn/flight-tracker/internal/api/server.go:40.2,46.3 1 0
github.com/RyanRedburn/flight-tracker/internal/api/server.go:49.41,51.2 1 0
github.com/RyanRedburn/flight-tracker/internal/api/server.go:53.54,55.2 1 0
github.com/RyanRedburn/flight-tracker/internal/api/middleware/requestlog.go:9.70,10.46 1 0
github.com/RyanRedburn/flight-tracker/internal/api/middleware/requestlog.go:10.46,11.72 1 0
github.com/RyanRedburn/flight-tracker/internal/api/middleware/requestlog.go:11.72,21.4 4 0
github.com/RyanRedburn/flight-tracker/internal/api/middleware/requestlog.go:30.48,33.2 2 0
github.com/RyanRedburn/flight-tracker/internal/config/config.go:21.29,23.16 2 1
github.com/RyanRedburn/flight-tracker/internal/config/config.go:23.16,25.3 1 0
github.com/RyanRedburn/flight-tracker/internal/config/config.go:27.2,28.16 2 1
github.com/RyanRedburn/flight-tracker/internal/config/config.go:28.16,30.3 1 1
github.com/RyanRedburn/flight-tracker/internal/config/config.go:32.2,32.27 1 1
github.com/RyanRedburn/flight-tracker/internal/config/config.go:32.27,34.3 1 1
github.com/RyanRedburn/flight-tracker/internal/config/config.go:36.2,43.8 1 1
github.com/RyanRedburn/flight-tracker/internal/config/config.go:46.41,47.34 1 1
github.com/RyanRedburn/flight-tracker/internal/config/config.go:47.34,49.3 1 1
github.com/RyanRedburn/flight-tracker/internal/config/config.go:51.2,51.17 1 1
github.com/RyanRedburn/flight-tracker/internal/config/config.go:54.52,55.49 1 1
github.com/RyanRedburn/flight-tracker/internal/config/config.go:56.15,57.30 1 1
github.com/RyanRedburn/flight-tracker/internal/config/config.go:58.14,59.29 1 1
github.com/RyanRedburn/flight-tracker/internal/config/config.go:60.25,61.29 1 1
github.com/RyanRedburn/flight-tracker/internal/config/config.go:62.15,63.30 1 1
github.com/RyanRedburn/flight-tracker/internal/config/config.go:64.10,65.69 1 1
github.com/RyanRedburn/flight-tracker/internal/store/mem/store.go:20.19,23.37 1 1
github.com/RyanRedburn/flight-tracker/internal/store/mem/store.go:23.37,23.51 1 0
github.com/RyanRedburn/flight-tracker/internal/store/mem/store.go:27.61,32.2 3 1
github.com/RyanRedburn/flight-tracker/internal/store/mem/store.go:34.31,36.2 1 0
github.com/RyanRedburn/flight-tracker/internal/store/mem/store.go:38.49,44.2 4 1
github.com/RyanRedburn/flight-tracker/internal/store/mem/store.go:46.83,48.2 1 0
github.com/RyanRedburn/flight-tracker/internal/store/mem/store.go:50.70,54.41 3 1
github.com/RyanRedburn/flight-tracker/internal/store/mem/store.go:54.41,56.3 1 0
github.com/RyanRedburn/flight-tracker/internal/store/mem/store.go:58.2,60.12 2 1
github.com/RyanRedburn/flight-tracker/internal/store/mem/store.go:63.76,68.9 4 1
github.com/RyanRedburn/flight-tracker/internal/store/mem/store.go:68.9,70.3 1 1
github.com/RyanRedburn/flight-tracker/internal/store/mem/store.go:72.2,72.27 1 1
github.com/RyanRedburn/flight-tracker/internal/store/mem/store.go:75.80,76.16 1 1
github.com/RyanRedburn/flight-tracker/internal/store/mem/store.go:76.16,78.3 1 1
github.com/RyanRedburn/flight-tracker/internal/store/mem/store.go:80.2,84.29 4 1
github.com/RyanRedburn/flight-tracker/internal/store/mem/store.go:84.29,86.3 1 1
github.com/RyanRedburn/flight-tracker/internal/store/mem/store.go:88.2,88.50 1 1
github.com/RyanRedburn/flight-tracker/internal/store/mem/store.go:88.50,89.37 1 1
github.com/RyanRedburn/flight-tracker/internal/store/mem/store.go:89.37,91.4 1 1
github.com/RyanRedburn/flight-tracker/internal/store/mem/store.go:93.3,93.38 1 0
github.com/RyanRedburn/flight-tracker/internal/store/mem/store.go:93.38,95.4 1 0
github.com/RyanRedburn/flight-tracker/internal/store/mem/store.go:97.3,97.11 1 0
github.com/RyanRedburn/flight-tracker/internal/store/mem/store.go:100.2,100.23 1 1
github.com/RyanRedburn/flight-tracker/internal/store/mem/store.go:100.23,102.3 1 0
github.com/RyanRedburn/flight-tracker/internal/store/mem/store.go:104.2,104.18 1 1
github.com/RyanRedburn/flight-tracker/internal/store/mem/store.go:107.70,111.34 3 1
github.com/RyanRedburn/flight-tracker/internal/store/mem/store.go:111.34,113.3 1 0
github.com/RyanRedburn/flight-tracker/internal/store/mem/store.go:115.2,117.12 2 1
github.com/RyanRedburn/flight-tracker/internal/store/mem/store.go:120.42,122.24 2 1
github.com/RyanRedburn/flight-tracker/internal/store/mem/store.go:122.24,124.3 1 1
github.com/RyanRedburn/flight-tracker/internal/store/mem/store.go:126.2,126.23 1 1
github.com/RyanRedburn/flight-tracker/internal/store/mem/store.go:126.23,128.3 1 1
github.com/RyanRedburn/flight-tracker/internal/store/mem/store.go:130.2,130.17 1 1
github.com/RyanRedburn/flight-tracker/internal/source/mock/provider.go:15.22,17.2 1 0
github.com/RyanRedburn/flight-tracker/internal/source/mock/provider.go:19.97,20.19 1 1
github.com/RyanRedburn/flight-tracker/internal/source/mock/provider.go:20.19,24.10 3 1
github.com/RyanRedburn/flight-tracker/internal/source/mock/provider.go:25.21,26.25 1 1
github.com/RyanRedburn/flight-tracker/internal/source/mock/provider.go:27.18,27.18 0 0
github.com/RyanRedburn/flight-tracker/internal/source/mock/provider.go:31.2,52.30 2 1
github.com/RyanRedburn/flight-tracker/internal/operator/processor.go:19.71,24.2 1 1
github.com/RyanRedburn/flight-tracker/internal/operator/processor.go:26.70,28.16 2 1
github.com/RyanRedburn/flight-tracker/internal/operator/processor.go:28.16,30.3 1 1
github.com/RyanRedburn/flight-tracker/internal/operator/processor.go:32.2,36.52 4 1
github.com/RyanRedburn/flight-tracker/internal/operator/processor.go:36.52,38.3 1 0
github.com/RyanRedburn/flight-tracker/internal/operator/processor.go:40.2,41.26 2 1
github.com/RyanRedburn/flight-tracker/internal/operator/processor.go:41.26,43.3 1 1
github.com/RyanRedburn/flight-tracker/internal/operator/processor.go:43.8,45.3 1 1
github.com/RyanRedburn/flight-tracker/internal/operator/processor.go:47.2,51.16 4 1
github.com/RyanRedburn/flight-tracker/internal/operator/processor.go:51.16,55.65 3 1
github.com/RyanRedburn/flight-tracker/internal/operator/processor.go:55.65,57.4 1 0
github.com/RyanRedburn/flight-tracker/internal/operator/processor.go:59.3,59.38 1 1
github.com/RyanRedburn/flight-tracker/internal/operator/processor.go:62.2,66.52 4 1
github.com/RyanRedburn/flight-tracker/internal/operator/processor.go:66.52,68.3 1 0
github.com/RyanRedburn/flight-tracker/internal/operator/processor.go:70.2,70.12 1 1
github.com/RyanRedburn/flight-tracker/internal/operator/worker.go:19.84,20.21 1 1
github.com/RyanRedburn/flight-tracker/internal/operator/worker.go:20.21,22.3 1 1
github.com/RyanRedburn/flight-tracker/internal/operator/worker.go:24.2,29.3 1 1
github.com/RyanRedburn/flight-tracker/internal/operator/worker.go:32.45,36.37 3 1
github.com/RyanRedburn/flight-tracker/internal/operator/worker.go:36.37,39.3 2 1
github.com/RyanRedburn/flight-tracker/internal/operator/worker.go:42.58,47.6 3 1
github.com/RyanRedburn/flight-tracker/internal/operator/worker.go:47.6,48.10 1 1
github.com/RyanRedburn/flight-tracker/internal/operator/worker.go:49.21,50.10 1 1
github.com/RyanRedburn/flight-tracker/internal/operator/worker.go:51.31,52.11 1 1
github.com/RyanRedburn/flight-tracker/internal/operator/worker.go:52.11,54.5 1 0
github.com/RyanRedburn/flight-tracker/internal/operator/worker.go:56.4,56.58 1 1
github.com/RyanRedburn/flight-tracker/internal/operator/worker.go:56.58,58.5 1 0
github.com/RyanRedburn/flight-tracker/internal/operator/worker.go:58.10,60.5 1 1
github.com/RyanRedburn/flight-tracker/internal/operator/worker.go:65.39,67.2 1 1
github.com/RyanRedburn/flight-tracker/internal/operator/worker.go:69.46,70.21 1 1
github.com/RyanRedburn/flight-tracker/internal/operator/worker.go:70.21,72.3 1 1
github.com/RyanRedburn/flight-tracker/internal/operator/worker.go:74.2,76.12 2 1
github.com/RyanRedburn/flight-tracker/internal/operator/worker.go:76.12,79.3 2 1
github.com/RyanRedburn/flight-tracker/internal/operator/worker.go:81.2,81.9 1 1
github.com/RyanRedburn/flight-tracker/internal/operator/worker.go:82.14,82.14 0 1
github.com/RyanRedburn/flight-tracker/internal/operator/worker.go:83.29,84.65 1 0
github.com/RyanRedburn/flight-tracker/internal/api/handlers/health.go:14.53,16.2 1 1
github.com/RyanRedburn/flight-tracker/internal/api/handlers/health.go:18.74,20.2 1 1
github.com/RyanRedburn/flight-tracker/internal/api/handlers/health.go:22.75,23.50 1 1
github.com/RyanRedburn/flight-tracker/internal/api/handlers/health.go:23.50,26.3 2 1
github.com/RyanRedburn/flight-tracker/internal/api/handlers/health.go:28.2,28.67 1 1
github.com/RyanRedburn/flight-tracker/internal/api/handlers/health.go:31.81,33.16 2 1
github.com/RyanRedburn/flight-tracker/internal/api/handlers/health.go:33.16,36.3 2 0
github.com/RyanRedburn/flight-tracker/internal/api/handlers/health.go:38.2,38.38 1 1
github.com/RyanRedburn/flight-tracker/internal/api/handlers/health.go:41.64,45.2 3 1
github.com/RyanRedburn/flight-tracker/internal/api/handlers/health.go:47.68,49.2 1 1
github.com/RyanRedburn/flight-tracker/internal/api/handlers/jobs.go:23.74,25.2 1 1
github.com/RyanRedburn/flight-tracker/internal/api/handlers/jobs.go:37.70,39.61 2 1
github.com/RyanRedburn/flight-tracker/internal/api/handlers/jobs.go:39.61,42.3 2 1
github.com/RyanRedburn/flight-tracker/internal/api/handlers/jobs.go:44.2,44.20 1 1
github.com/RyanRedburn/flight-tracker/internal/api/handlers/jobs.go:44.20,47.3 2 1
github.com/RyanRedburn/flight-tracker/internal/api/handlers/jobs.go:49.2,51.23 2 1
github.com/RyanRedburn/flight-tracker/internal/api/handlers/jobs.go:51.23,53.3 1 0
github.com/RyanRedburn/flight-tracker/internal/api/handlers/jobs.go:55.2,65.60 3 1
github.com/RyanRedburn/flight-tracker/internal/api/handlers/jobs.go:65.60,68.3 2 0
github.com/RyanRedburn/flight-tracker/internal/api/handlers/jobs.go:70.2,75.4 2 1
github.com/RyanRedburn/flight-tracker/internal/api/handlers/jobs.go:78.67,80.14 2 1
github.com/RyanRedburn/flight-tracker/internal/api/handlers/jobs.go:80.14,83.3 2 0
github.com/RyanRedburn/flight-tracker/internal/api/handlers/jobs.go:85.2,86.16 2 1
github.com/RyanRedburn/flight-tracker/internal/api/handlers/jobs.go:86.16,87.40 1 1
github.com/RyanRedburn/flight-tracker/internal/api/handlers/jobs.go:87.40,90.4 2 1
github.com/RyanRedburn/flight-tracker/internal/api/handlers/jobs.go:92.3,94.9 2 0
github.com/RyanRedburn/flight-tracker/internal/api/handlers/jobs.go:97.2,97.34 1 1
github.com/RyanRedburn/flight-tracker/internal/api/handlers/jobs.go:100.68,103.50 2 1
github.com/RyanRedburn/flight-tracker/internal/api/handlers/jobs.go:103.50,105.31 2 1
github.com/RyanRedburn/flight-tracker/internal/api/handlers/jobs.go:105.31,108.4 2 1
github.com/RyanRedburn/flight-tracker/internal/api/handlers/jobs.go:110.3,110.17 1 1
github.com/RyanRedburn/flight-tracker/internal/api/handlers/jobs.go:113.2,114.16 2 1
github.com/RyanRedburn/flight-tracker/internal/api/handlers/jobs.go:114.16,117.3 2 0
github.com/RyanRedburn/flight-tracker/internal/api/handlers/jobs.go:119.2,119.17 1 1
github.com/RyanRedburn/flight-tracker/internal/api/handlers/jobs.go:119.17,121.3 1 0
github.com/RyanRedburn/flight-tracker/internal/api/handlers/jobs.go:123.2,123.35 1 1
